<?xml version="1.0" encoding="UTF-8"?>
<!-- Generated by org.testng.reporters.JUnitReportReporter -->
<testsuite hostname="LAPTOP-B8011UK4" failures="0" tests="1" name="practiceTestNG.JsonTest" time="0.018" errors="0" timestamp="2024-06-01T12:05:05 IST" skipped="0">
  <testcase classname="practiceTestNG.JsonTest" name="jsonTest" time="0.018"/>
</testsuite> <!-- practiceTestNG.JsonTest -->
