<?xml version="1.0" encoding="UTF-8"?>
<!-- Generated by org.testng.reporters.JUnitReportReporter -->
<testsuite hostname="LAPTOP-B8011UK4" failures="0" tests="1" name="practiceTestNG.CreateOrgUsingInvocationAndDataProviderTest" time="0.000" errors="0" timestamp="2024-05-23T18:17:31 IST" skipped="1">
  <testcase classname="practiceTestNG.CreateOrgUsingInvocationAndDataProviderTest" name="createOrganizationTest" time="0.000">
    <skipped/>
  </testcase> <!-- createOrganizationTest -->
  <system-out/>
</testsuite> <!-- practiceTestNG.CreateOrgUsingInvocationAndDataProviderTest -->
