<?xml version="1.0" encoding="UTF-8"?>
<!-- Generated by org.testng.reporters.JUnitReportReporter -->
<testsuite hostname="LAPTOP-B8011UK4" failures="0" tests="3" name="practiceTestNG.PriorityTest" time="0.017" errors="0" timestamp="2024-05-22T17:05:30 IST" skipped="0">
  <testcase classname="practiceTestNG.PriorityTest" name="deleteContactTest" time="0.011"/>
  <system-out/>
  <testcase classname="practiceTestNG.PriorityTest" name="createContactTest" time="0.001"/>
  <system-out/>
  <testcase classname="practiceTestNG.PriorityTest" name="modifyContactTest" time="0.005"/>
  <system-out/>
</testsuite> <!-- practiceTestNG.PriorityTest -->
