<?xml version="1.0" encoding="UTF-8"?>
<!-- Generated by org.testng.reporters.JUnitReportReporter -->
<testsuite hostname="LAPTOP-B8011UK4" failures="0" tests="3" name="practiceTestNG.SampleTest" time="0.025" errors="0" timestamp="2024-05-24T09:53:28 IST" skipped="0">
  <testcase classname="practiceTestNG.SampleTest" name="deleteContactTest" time="0.001"/>
  <testcase classname="practiceTestNG.SampleTest" name="modifyContactTest" time="0.001"/>
  <testcase classname="practiceTestNG.SampleTest" name="createContactTest" time="0.023"/>
</testsuite> <!-- practiceTestNG.SampleTest -->
