<?xml version="1.0" encoding="UTF-8"?>
<!-- Generated by org.testng.reporters.JUnitReportReporter -->
<testsuite hostname="DESKTOP-81IORNB" failures="0" tests="4" name="com.vtiger.crm.orgtest.CreateOrgTest" time="131.776" errors="0" timestamp="2024-06-30T12:53:17 IST" skipped="0">
  <testcase classname="com.vtiger.crm.orgtest.CreateOrgTest" name="createOrgwithIndustry" time="35.463"/>
  <testcase classname="com.vtiger.crm.orgtest.CreateOrgTest" name="createOrgWithMandField" time="45.892"/>
  <testcase classname="com.vtiger.crm.orgtest.CreateOrgTest" name="m" time="15.018"/>
  <testcase classname="com.vtiger.crm.orgtest.CreateOrgTest" name="createOrgwithMobileNum" time="35.403"/>
</testsuite> <!-- com.vtiger.crm.orgtest.CreateOrgTest -->
