<?xml version="1.0" encoding="UTF-8"?>
<!-- Generated by org.testng.reporters.JUnitReportReporter -->
<testsuite hostname="LAPTOP-B8011UK4" failures="0" tests="1" name="com.vtiger.crm.generic.fileutility.FileUtility" time="0.012" errors="0" timestamp="2024-05-24T11:33:32 IST" skipped="0">
  <testcase classname="com.vtiger.crm.generic.fileutility.FileUtility" name="main" time="0.012"/>
</testsuite> <!-- com.vtiger.crm.generic.fileutility.FileUtility -->
