<?xml version="1.0" encoding="UTF-8"?>
<!-- Generated by org.testng.reporters.JUnitReportReporter -->
<testsuite hostname="LAPTOP-B8011UK4" failures="0" tests="2" name="practiceTestNG.DependsOnMTest" time="0.023" errors="0" timestamp="2024-05-22T18:00:56 IST" skipped="0">
  <testcase classname="practiceTestNG.DependsOnMTest" name="a" time="0.012"/>
  <system-out/>
  <testcase classname="practiceTestNG.DependsOnMTest" name="b" time="0.011"/>
  <system-out/>
</testsuite> <!-- practiceTestNG.DependsOnMTest -->
