<?xml version="1.0" encoding="UTF-8"?>
<!-- Generated by org.testng.reporters.JUnitReportReporter -->
<testsuite hostname="LAPTOP-B8011UK4" failures="0" tests="1" name="practiceTestNG.ConfigAnnotationsTest" time="0.007" errors="0" timestamp="2024-05-24T12:03:26 IST" skipped="0">
  <testcase classname="practiceTestNG.ConfigAnnotationsTest" name="createOrgTest" time="0.007"/>
</testsuite> <!-- practiceTestNG.ConfigAnnotationsTest -->
