<?xml version="1.0" encoding="UTF-8"?>
<!-- Generated by org.testng.reporters.JUnitReportReporter -->
<testsuite hostname="LAPTOP-B8011UK4" failures="0" tests="9" name="practiceTestNG.InvocationTest" time="0.037" errors="0" timestamp="2024-06-12T22:12:57 IST" skipped="1">
  <testcase classname="practiceTestNG.InvocationTest" name="createContact" time="0.006"/>
  <testcase classname="practiceTestNG.InvocationTest" name="createContact" time="0.002"/>
  <testcase classname="practiceTestNG.InvocationTest" name="createContact" time="0.002"/>
  <testcase classname="practiceTestNG.InvocationTest" name="createContact" time="0.003"/>
  <testcase classname="practiceTestNG.InvocationTest" name="createContact" time="0.018"/>
  <testcase classname="practiceTestNG.InvocationTest" name="createContact" time="0.002"/>
  <testcase classname="practiceTestNG.InvocationTest" name="createContact" time="0.002"/>
  <testcase classname="practiceTestNG.InvocationTest" name="createContact" time="0.002"/>
  <testcase classname="practiceTestNG.InvocationTest" name="m2">
    <skipped/>
  </testcase> <!-- m2 -->
</testsuite> <!-- practiceTestNG.InvocationTest -->
