<?xml version="1.0" encoding="UTF-8"?>
<!-- Generated by org.testng.reporters.JUnitReportReporter -->
<testsuite hostname="LAPTOP-B8011UK4" failures="0" tests="1" name="com.vtiger.crm.orgtest.OrganizationTest" time="15.482" errors="0" timestamp="2024-06-13T21:51:35 IST" skipped="0">
  <testcase classname="com.vtiger.crm.orgtest.OrganizationTest" name="createOrgWithMandField" time="15.482"/>
</testsuite> <!-- com.vtiger.crm.orgtest.OrganizationTest -->
