<?xml version="1.0" encoding="UTF-8"?>
<!-- Generated by org.testng.reporters.JUnitReportReporter -->
<testsuite hostname="LAPTOP-B8011UK4" failures="0" tests="3" name="practiceTestNG.PriorityDependsOnTest" time="0.016" errors="0" timestamp="2024-05-22T16:32:23 IST" skipped="0">
  <testcase classname="practiceTestNG.PriorityDependsOnTest" name="c" time="0.002"/>
  <system-out/>
  <testcase classname="practiceTestNG.PriorityDependsOnTest" name="b" time="0.011"/>
  <system-out/>
  <testcase classname="practiceTestNG.PriorityDependsOnTest" name="a" time="0.003"/>
  <system-out/>
</testsuite> <!-- practiceTestNG.PriorityDependsOnTest -->
