<?xml version="1.0" encoding="UTF-8"?>
<!-- Generated by org.testng.reporters.JUnitReportReporter -->
<testsuite hostname="LAPTOP-B8011UK4" failures="0" tests="2" name="com.vtiger.crm.orgtest.CreateOrgTest" time="32.496" errors="0" timestamp="2024-06-12T21:37:48 IST" skipped="0">
  <testcase classname="com.vtiger.crm.orgtest.CreateOrgTest" name="createOrgwithIndustry" time="16.404"/>
  <testcase classname="com.vtiger.crm.orgtest.CreateOrgTest" name="createOrgWithMandField" time="16.092"/>
</testsuite> <!-- com.vtiger.crm.orgtest.CreateOrgTest -->
