<?xml version="1.0" encoding="UTF-8"?>
<!-- Generated by org.testng.reporters.JUnitReportReporter -->
<testsuite hostname="DESKTOP-81IORNB" failures="0" tests="3" name="com.vtiger.crm.contacttest.CreateContactTest" time="240.637" errors="0" timestamp="2024-06-30T12:49:41 IST" skipped="0">
  <testcase classname="com.vtiger.crm.contacttest.CreateContactTest" name="createConWithSupportDate" time="53.298"/>
  <testcase classname="com.vtiger.crm.contacttest.CreateContactTest" name="createContactWithLastName" time="67.076"/>
  <testcase classname="com.vtiger.crm.contacttest.CreateContactTest" name="createConWithOrgTest" time="120.263"/>
</testsuite> <!-- com.vtiger.crm.contacttest.CreateContactTest -->
