<?xml version="1.0" encoding="UTF-8"?>
<!-- Generated by org.testng.reporters.JUnitReportReporter -->
<testsuite hostname="LAPTOP-B8011UK4" failures="0" tests="1" name="com.crm.BaseClass.MS" time="0.010" errors="0" timestamp="2024-06-13T11:55:24 IST" skipped="0">
  <testcase classname="com.crm.BaseClass.MS" name="m1" time="0.010"/>
</testsuite> <!-- com.crm.BaseClass.MS -->
