<?xml version="1.0" encoding="UTF-8"?>
<!-- Generated by org.testng.reporters.JUnitReportReporter -->
<testsuite hostname="LAPTOP-B8011UK4" failures="0" tests="1" name="practiceTestNG.DeleteOrganizationTest" time="14.732" errors="0" timestamp="2024-05-23T12:27:35 IST" skipped="0">
  <testcase classname="practiceTestNG.DeleteOrganizationTest" name="deleteOrg" time="14.732"/>
  <system-out/>
</testsuite> <!-- practiceTestNG.DeleteOrganizationTest -->
