<?xml version="1.0" encoding="UTF-8"?>
<!-- Generated by org.testng.reporters.JUnitReportReporter -->
<testsuite hostname="LAPTOP-B8011UK4" failures="0" tests="1" name="practiceExtentReport.AttachScreenshot" time="5.537" errors="0" timestamp="2024-06-04T12:19:37 IST" skipped="0">
  <testcase classname="practiceExtentReport.AttachScreenshot" name="takeScreenshot" time="5.537"/>
</testsuite> <!-- practiceExtentReport.AttachScreenshot -->
