<?xml version="1.0" encoding="UTF-8"?>
<!-- Generated by org.testng.reporters.JUnitReportReporter -->
<testsuite hostname="LAPTOP-B8011UK4" failures="0" tests="1" name="practiceTestNG.Screenshot_EventFiringWebdriver" time="6.274" errors="0" timestamp="2024-05-28T11:40:56 IST" skipped="0">
  <testcase classname="practiceTestNG.Screenshot_EventFiringWebdriver" name="takescreenshotUsingEventFiringwebdriver" time="6.274"/>
</testsuite> <!-- practiceTestNG.Screenshot_EventFiringWebdriver -->
