<?xml version="1.0" encoding="UTF-8"?>
<!-- Generated by org.testng.reporters.JUnitReportReporter -->
<testsuite hostname="LAPTOP-B8011UK4" failures="0" tests="3" name="practiceTestNG.DependsOnTest" time="0.010" errors="0" timestamp="2024-05-22T16:26:51 IST" skipped="0">
  <testcase classname="practiceTestNG.DependsOnTest" name="createContactTest" time="0.008"/>
  <system-out/>
  <testcase classname="practiceTestNG.DependsOnTest" name="modifyContactTest" time="0.001"/>
  <system-out/>
  <testcase classname="practiceTestNG.DependsOnTest" name="deleteContactTest" time="0.001"/>
  <system-out/>
</testsuite> <!-- practiceTestNG.DependsOnTest -->
