<?xml version="1.0" encoding="UTF-8"?>
<!-- Generated by org.testng.reporters.JUnitReportReporter -->
<testsuite hostname="LAPTOP-B8011UK4" failures="0" tests="1" name="com.vtiger.crm.contacttest.CreateContactTest" time="15.036" errors="0" timestamp="2024-06-07T15:00:32 IST" skipped="0">
  <testcase classname="com.vtiger.crm.contacttest.CreateContactTest" name="createContactWithLastName" time="15.036"/>
</testsuite> <!-- com.vtiger.crm.contacttest.CreateContactTest -->
