<?xml version="1.0" encoding="UTF-8"?>
<!-- Generated by org.testng.reporters.JUnitReportReporter -->
<testsuite hostname="DESKTOP-81IORNB" failures="0" tests="1" name="com.vtiger.crm.orgtest.OrganizationTest" time="31.006" errors="0" timestamp="2024-06-30T12:54:23 IST" skipped="0">
  <testcase classname="com.vtiger.crm.orgtest.OrganizationTest" name="createOrgWithMandField" time="31.006"/>
</testsuite> <!-- com.vtiger.crm.orgtest.OrganizationTest -->
